{
  "stats": {
    "suites": 1,
    "tests": 2,
    "passes": 2,
    "pending": 0,
    "failures": 0,
    "start": "2023-10-15T21:28:37.225Z",
    "end": "2023-10-15T21:28:45.487Z",
    "duration": 8262,
    "testsRegistered": 2,
    "passPercent": 100,
    "pendingPercent": 0,
    "other": 0,
    "hasOther": false,
    "skipped": 0,
    "hasSkipped": false
  },
  "results": [
    {
      "uuid": "2ad3a6a7-da30-439b-81af-bb882ffbae26",
      "title": "",
      "fullFile": "cypress/e2e/registerTest.spec.js",
      "file": "cypress/e2e/registerTest.spec.js",
      "beforeHooks": [],
      "afterHooks": [],
      "tests": [],
      "suites": [
        {
          "uuid": "480694c9-cede-4db4-b14a-2720babf0156",
          "title": "Register Suite",
          "fullFile": "",
          "file": "",
          "beforeHooks": [],
          "afterHooks": [],
          "tests": [
            {
              "title": "Register Validation Messages",
              "fullTitle": "Register Suite Register Validation Messages",
              "timedOut": null,
              "duration": 2583,
              "state": "passed",
              "speed": "fast",
              "pass": true,
              "fail": false,
              "pending": false,
              "context": null,
              "code": "const register = new _RegisterPage.RegisterPage();\nregister.visitRegisterPage();\nregister.getFullNameField().type('v');\ncy.get('body').click();\ncy.get('p.caption.status-danger:contains(\"Full name should contains from 4 to 50 characters\")').should('be.visible');\nregister.getEmailAddressField().type('valeriia');\ncy.get('body').click();\ncy.get('p.caption.status-danger:contains(\"Email should be the real one!\")').should('be.visible');\nregister.getPasswordField().type('123');\ncy.get('p.caption.status-danger:contains(\"Password should contain from 4 to 50 characters\")').should('be.visible');\nregister.getRepeatPasswordField().click();\ncy.get('body').click();\ncy.get('p.caption.status-danger:contains(\"Password confirmation is required!\")').should('be.visible');",
              "err": {},
              "uuid": "41060f85-11f9-4fb7-a23e-1e651104a7f5",
              "parentUUID": "480694c9-cede-4db4-b14a-2720babf0156",
              "isHook": false,
              "skipped": false
            },
            {
              "title": "User is Registered ",
              "fullTitle": "Register Suite User is Registered ",
              "timedOut": null,
              "duration": 5594,
              "state": "passed",
              "speed": "medium",
              "pass": true,
              "fail": false,
              "pending": false,
              "context": null,
              "code": "const register = new _RegisterPage.RegisterPage();\nregister.visitRegisterPage();\nregister.getFullNameField().type('Valeriia');\nregister.getEmailAddressField().type('valeriia@gmail.com');\nregister.getPasswordField().type('12345');\nregister.getRepeatPasswordField().type('12345');\ncy.get('span.custom-checkbox').click();\nregister.getRegisterButton().click();\ncy.get('div.user-picture.image').should('have.attr', 'style', 'background-image: url(\"assets/images/nick.png\");');",
              "err": {},
              "uuid": "c8fa2256-6641-4d78-a12c-407e84c6881c",
              "parentUUID": "480694c9-cede-4db4-b14a-2720babf0156",
              "isHook": false,
              "skipped": false
            }
          ],
          "suites": [],
          "passes": [
            "41060f85-11f9-4fb7-a23e-1e651104a7f5",
            "c8fa2256-6641-4d78-a12c-407e84c6881c"
          ],
          "failures": [],
          "pending": [],
          "skipped": [],
          "duration": 8177,
          "root": false,
          "rootEmpty": false,
          "_timeout": 2000
        }
      ],
      "passes": [],
      "failures": [],
      "pending": [],
      "skipped": [],
      "duration": 0,
      "root": true,
      "rootEmpty": true,
      "_timeout": 2000
    }
  ],
  "meta": {
    "mocha": {
      "version": "7.0.1"
    },
    "mochawesome": {
      "options": {
        "quiet": false,
        "reportFilename": "mochawesome",
        "saveHtml": true,
        "saveJson": true,
        "consoleReporter": "spec",
        "useInlineDiffs": false,
        "code": true
      },
      "version": "7.1.3"
    },
    "marge": {
      "options": {
        "reportDir": "cypress/results",
        "overwrite": false,
        "html": true,
        "json": true
      },
      "version": "6.2.0"
    }
  }
}